                            @@@@
          @@@@@@            @@@@@
       @@@      @@@         @@@@@
     @              @       @@@@@
    @  @@@           @@     @@@@@
   @  @@@@@           @@    @@@@@
  @@  @@@@@            @@   @@@@@
 @@                     @   @@@@@
 @               @@@@@  @   @@@@@
 @               @@@@@  @   @@@@@
 @     @@@        @@@   @   @@@@@
  @    @@@             @    @@@@@
   @                 @@     @@@@@
     @@@          @@        @@@@@
    @    @@@@@@@@           @@@@@
  @                @        @@@@@
  @    @        @   @        @@@@                                       @@@@@@@
  @    @        @   @        @@@@                                    @          @@
  @             @   @        @@@@                                  @ @@@@@         @
  @   @@  @   @@@  @         @@@@                                 @  @@@@@          @
   @ @     @@   @@           @@@@                                @    @@@            @@
     @@    @@    @           @@@@                               @@                    @
     @@    @@    @           @@@@                               @               @@@   @
     @@    @@    @           @@@@                              @               @@@@@  @
@@@@@@@@@@@@@@@@@@@@@@@@@@@@@@@@@@@@@@@@@@@@@@@@@@@@@@@@@@     @               @@@@@  @
@@@@@@@@@@@@@@@@@@@@@@@@@@@@@@@@@@@@@@@@@@@@@@@@@@@@@@@@@@      @    @@@        @@@   @
@@@@@@@                                              @@@@@      @@   @@@             @
@@@@                                                 @@@@@        @@               @
@@@@                                                 @@@@@          @@@        @@@
@@@@                                                 @@@@@         @    @@@@@@
@@@@                                                 @@@@@       @               @
@@@@                                                 @@@@@      @    @        @   @
@@@@                                                 @@@@@      @    @        @   @
@@@@                                                 @@@@@      @@            @   @
@@@@                                                 @@@@@       @  @@  @  @@@@  @
@@@@@                                                 @@@@         @     @@   @@
@@@@@                                                 @@@@         @@    @@    @
@@@@@                                                 @@@@         @@    @@    @
@@@@@                                                 @@@@         @@    @@    @
@@@@@                @@@@@@@@@@@@@@@@@@@@@@@@@@@@@@@@@@@@@@@@@@@@@@@@@@@@@@@@@@@@@@@@@@
@@@@@                @@@@@@@@@@@@@@@@@@@@@@@@@@@@@@@@@@@@@@@@@@@@@@@@@@@@@@@@@@@@@@@@@@
@@@@@                @@@@                                                          @@@@
@@@@@                @@@@   ██╗  ██╗ ██████╗ ██████╗  █████╗ ███╗   ███╗ █████╗    @@@@
@@@@@                @@@@   ██║ ██╔╝██╔═══██╗██╔══██╗██╔══██╗████╗ ████║██╔══██╗   @@@@
@@@@@                @@@@   █████╔╝ ██║   ██║██║  ██║███████║██╔████╔██║███████║   @@@@
@@@@@                @@@@   ██╔═██╗ ██║   ██║██║  ██║██╔══██║██║╚██╔╝██║██╔══██║   @@@@
@@@@@                @@@@   ██║  ██╗╚██████╔╝██████╔╝██║  ██║██║ ╚═╝ ██║██║  ██║   @@@@
@@@@@                @@@@   ╚═╝  ╚═╝ ╚═════╝ ╚═════╝ ╚═╝  ╚═╝╚═╝     ╚═╝╚═╝  ╚═╝   @@@@
@@@@@                @@@@                                                          @@@@
                                         v0.1.dev196+gc7781af.d20250205                                         
kodama merge
        --linarg_dir /Users/ambershen/Desktop/linARG/methods_comparisons/linarg/linear_args/

Starting log...
[2025-02-06 12:18:40 - INFO] Starting main process
[2025-02-06 12:18:49 - INFO] Done!
